<?xml version="1.0" encoding="UTF-8"?>
<!-- Generated by org.testng.reporters.JUnitReportReporter -->
<testsuite hostname="deepu" failures="0" tests="1" name="com.hrms.testscripts.TC003" time="50.249" errors="0" timestamp="27 Feb 2023 16:10:21 GMT">
  <testcase classname="com.hrms.testscripts.TC003" name="tc003" time="50.249"/>
</testsuite> <!-- com.hrms.testscripts.TC003 -->
