<?xml version="1.0" encoding="UTF-8"?>
<!-- Generated by org.testng.reporters.JUnitReportReporter -->
<testsuite hostname="deepu" failures="0" tests="1" name="com.hrms.testscripts.TC002" time="25.399" errors="0" timestamp="27 Feb 2023 16:10:21 GMT">
  <testcase classname="com.hrms.testscripts.TC002" name="tc002" time="25.399"/>
</testsuite> <!-- com.hrms.testscripts.TC002 -->
