<?xml version="1.0" encoding="UTF-8"?>
<!-- Generated by org.testng.reporters.JUnitReportReporter -->
<testsuite hostname="deepu" failures="0" tests="1" name="com.hrms.testscripts.TC001" time="32.962" errors="0" timestamp="28 Feb 2023 05:27:30 GMT">
  <testcase classname="com.hrms.testscripts.TC001" name="tC001" time="32.962"/>
</testsuite> <!-- com.hrms.testscripts.TC001 -->
